[2017-06-23 08:16:46]-[ main ]-[ INFO ] luncher.Startup:107 >> 正在连接: 127.0.0.1:2020
[2017-06-23 08:16:46]-[ main ]-[ INFO ] luncher.Startup:107 >> 正在连接: 127.0.0.1:2010
[2017-06-23 08:16:57]-[ nioEventLoopGroup-2-2 ]-[ INFO ] listener.NettyListener:77 >> 连接成功 - 127.0.0.1:2020
[2017-06-23 08:16:58]-[ Thread-2 ]-[ INFO ] listener.NettyListener:90 >> 发送给 2020 端口: 262101038e110613173a0b01c20001c3500000000000000000000000000000000000000000000000000000000000000000000000000000000000000000000000000000000000000000000000000000000000000000000000000000000000000000000000000000000000000000000000000000000000000000000000000000000000000000000000000000000000000000000000000000000000000000000000000000000000000000000000000000000000000000000000000000000000000000000000000000000000000000000000000000000000000000000000000000000000000000000000000000000000000000000000000000000000000000000000000000000000000000000000000000000000000000000000000000000000000000000000000000000000000000000000000000000000000000004400dc00000000000000000000000000bb00000000000000000000000000000000000000380000000000000000000000000000000000000000000027300000000000000000000000000000000000000000000003440000000000000000000000000000000000000000000002bf000000000000000000000000000000000000000001f501f400000000000000000000000000002a29
[2017-06-23 08:16:58]-[ Thread-2 ]-[ DEBUG ] listener.NettyListener:98 >> TCP 第 1 次发送成功
[2017-06-23 08:17:08]-[ Thread-2 ]-[ DEBUG ] listener.NettyListener:98 >> TCP 第 2 次发送成功
[2017-06-23 08:17:18]-[ Thread-2 ]-[ DEBUG ] listener.NettyListener:98 >> TCP 第 3 次发送成功
[2017-06-23 08:17:28]-[ Thread-2 ]-[ INFO ] listener.NettyListener:112 >> 对方未反馈，发送失败
[2017-06-23 08:17:28]-[ Thread-2 ]-[ DEBUG ] listener.NettyListener:113 >> 失败次数:1
[2017-06-23 08:17:29]-[ Thread-2 ]-[ INFO ] listener.NettyListener:90 >> 发送给 2020 端口: 26110115e41106151400118d3c000002084100010001000000010000000102000000000000000bb80000000000000902d0004600000244019b00152c020f013111c20059000001df00000000000001ed00202000000000000000080c0000000000000001000000000000000000000000000000000000000000000000000000000000000000000000000000000000000000000000000000002a43
[2017-06-23 08:17:29]-[ Thread-2 ]-[ DEBUG ] listener.NettyListener:98 >> TCP 第 1 次发送成功
[2017-06-23 08:17:39]-[ Thread-2 ]-[ DEBUG ] listener.NettyListener:98 >> TCP 第 2 次发送成功
[2017-06-23 08:17:49]-[ Thread-2 ]-[ DEBUG ] listener.NettyListener:98 >> TCP 第 3 次发送成功
[2017-06-23 08:17:59]-[ Thread-2 ]-[ INFO ] listener.NettyListener:112 >> 对方未反馈，发送失败
[2017-06-23 08:17:59]-[ Thread-2 ]-[ DEBUG ] listener.NettyListener:113 >> 失败次数:2
[2017-06-23 08:18:00]-[ Thread-2 ]-[ INFO ] listener.NettyListener:90 >> 发送给 2020 端口: 262101038e110613173a0b01c20001c3500000000000000000000000000000000000000000000000000000000000000000000000000000000000000000000000000000000000000000000000000000000000000000000000000000000000000000000000000000000000000000000000000000000000000000000000000000000000000000000000000000000000000000000000000000000000000000000000000000000000000000000000000000000000000000000000000000000000000000000000000000000000000000000000000000000000000000000000000000000000000000000000000000000000000000000000000000000000000000000000000000000000000000000000000000000000000000000000000000000000000000000000000000000000000000000000000000000000000000004400dc00000000000000000000000000bb00000000000000000000000000000000000000380000000000000000000000000000000000000000000027300000000000000000000000000000000000000000000003440000000000000000000000000000000000000000000002bf000000000000000000000000000000000000000001f501f400000000000000000000000000002a29
[2017-06-23 08:18:00]-[ Thread-2 ]-[ DEBUG ] listener.NettyListener:98 >> TCP 第 1 次发送成功
[2017-06-23 08:24:28]-[ main ]-[ INFO ] luncher.Startup:107 >> 正在连接: 127.0.0.1:2020
[2017-06-23 08:24:28]-[ nioEventLoopGroup-2-1 ]-[ INFO ] listener.NettyListener:77 >> 连接成功 - 127.0.0.1:2020
[2017-06-23 08:24:33]-[ Thread-1 ]-[ INFO ] listener.NettyListener:90 >> 发送给 2020 端口: 26110115e41106151400118d3c000002084100010001000000010000000102000000000000000bb80000000000000902d0004600000244019b00152c020f013111c20059000001df00000000000001ed00202000000000000000080c0000000000000001000000000000000000000000000000000000000000000000000000000000000000000000000000000000000000000000000000002a43
[2017-06-23 08:24:33]-[ Thread-1 ]-[ DEBUG ] listener.NettyListener:98 >> TCP 第 1 次发送成功
[2017-06-23 08:24:43]-[ Thread-1 ]-[ DEBUG ] listener.NettyListener:98 >> TCP 第 2 次发送成功
[2017-06-23 08:24:43]-[ nioEventLoopGroup-2-1 ]-[ DEBUG ] listener.NettyListener:63 >> netty 读取到数据: &
[2017-06-23 08:24:44]-[ Thread-1 ]-[ INFO ] listener.NettyListener:103 >> 对方已反馈，发送成功
[2017-06-23 08:24:45]-[ Thread-1 ]-[ INFO ] listener.NettyListener:90 >> 发送给 2020 端口: 262101038e110613173a0b01c20001c3500000000000000000000000000000000000000000000000000000000000000000000000000000000000000000000000000000000000000000000000000000000000000000000000000000000000000000000000000000000000000000000000000000000000000000000000000000000000000000000000000000000000000000000000000000000000000000000000000000000000000000000000000000000000000000000000000000000000000000000000000000000000000000000000000000000000000000000000000000000000000000000000000000000000000000000000000000000000000000000000000000000000000000000000000000000000000000000000000000000000000000000000000000000000000000000000000000000000000000004400dc00000000000000000000000000bb00000000000000000000000000000000000000380000000000000000000000000000000000000000000027300000000000000000000000000000000000000000000003440000000000000000000000000000000000000000000002bf000000000000000000000000000000000000000001f501f400000000000000000000000000002a29
[2017-06-23 08:24:45]-[ Thread-1 ]-[ DEBUG ] listener.NettyListener:98 >> TCP 第 1 次发送成功
[2017-06-23 08:24:55]-[ Thread-1 ]-[ DEBUG ] listener.NettyListener:98 >> TCP 第 2 次发送成功
[2017-06-23 08:25:05]-[ Thread-1 ]-[ DEBUG ] listener.NettyListener:98 >> TCP 第 3 次发送成功
[2017-06-23 08:25:15]-[ Thread-1 ]-[ INFO ] listener.NettyListener:112 >> 对方未反馈，发送失败
[2017-06-23 08:25:15]-[ Thread-1 ]-[ DEBUG ] listener.NettyListener:113 >> 失败次数:1
[2017-06-23 08:25:16]-[ Thread-1 ]-[ INFO ] listener.NettyListener:90 >> 发送给 2020 端口: 262101038e110613173a0b01c20001c3500000000000000000000000000000000000000000000000000000000000000000000000000000000000000000000000000000000000000000000000000000000000000000000000000000000000000000000000000000000000000000000000000000000000000000000000000000000000000000000000000000000000000000000000000000000000000000000000000000000000000000000000000000000000000000000000000000000000000000000000000000000000000000000000000000000000000000000000000000000000000000000000000000000000000000000000000000000000000000000000000000000000000000000000000000000000000000000000000000000000000000000000000000000000000000000000000000000000000000004400dc00000000000000000000000000bb00000000000000000000000000000000000000380000000000000000000000000000000000000000000027300000000000000000000000000000000000000000000003440000000000000000000000000000000000000000000002bf000000000000000000000000000000000000000001f501f400000000000000000000000000002a29
[2017-06-23 08:25:16]-[ Thread-1 ]-[ DEBUG ] listener.NettyListener:98 >> TCP 第 1 次发送成功
[2017-06-23 08:27:18]-[ main ]-[ INFO ] luncher.Startup:107 >> 正在连接: 127.0.0.1:2020
[2017-06-23 08:27:18]-[ nioEventLoopGroup-2-1 ]-[ INFO ] listener.NettyListener:77 >> 连接成功 - 127.0.0.1:2020
[2017-06-23 08:27:23]-[ Thread-1 ]-[ INFO ] listener.NettyListener:90 >> 发送给 2020 端口: 262101038e110613173a0b01c20001c3500000000000000000000000000000000000000000000000000000000000000000000000000000000000000000000000000000000000000000000000000000000000000000000000000000000000000000000000000000000000000000000000000000000000000000000000000000000000000000000000000000000000000000000000000000000000000000000000000000000000000000000000000000000000000000000000000000000000000000000000000000000000000000000000000000000000000000000000000000000000000000000000000000000000000000000000000000000000000000000000000000000000000000000000000000000000000000000000000000000000000000000000000000000000000000000000000000000000000000004400dc00000000000000000000000000bb00000000000000000000000000000000000000380000000000000000000000000000000000000000000027300000000000000000000000000000000000000000000003440000000000000000000000000000000000000000000002bf000000000000000000000000000000000000000001f501f400000000000000000000000000002a30
[2017-06-23 08:27:23]-[ Thread-1 ]-[ DEBUG ] listener.NettyListener:98 >> TCP 第 1 次发送成功
[2017-06-23 08:27:25]-[ nioEventLoopGroup-2-1 ]-[ DEBUG ] listener.NettyListener:63 >> netty 读取到数据: &
[2017-06-23 08:27:25]-[ Thread-1 ]-[ INFO ] listener.NettyListener:103 >> 对方已反馈，发送成功
[2017-06-23 08:27:26]-[ Thread-1 ]-[ INFO ] listener.NettyListener:90 >> 发送给 2020 端口: 262101038e110613173a0b01c20001c3500000000000000000000000000000000000000000000000000000000000000000000000000000000000000000000000000000000000000000000000000000000000000000000000000000000000000000000000000000000000000000000000000000000000000000000000000000000000000000000000000000000000000000000000000000000000000000000000000000000000000000000000000000000000000000000000000000000000000000000000000000000000000000000000000000000000000000000000000000000000000000000000000000000000000000000000000000000000000000000000000000000000000000000000000000000000000000000000000000000000000000000000000000000000000000000000000000000000000000004400dc00000000000000000000000000bb00000000000000000000000000000000000000380000000000000000000000000000000000000000000027300000000000000000000000000000000000000000000003440000000000000000000000000000000000000000000002bf000000000000000000000000000000000000000001f501f400000000000000000000000000002a31
[2017-06-23 08:27:26]-[ Thread-1 ]-[ DEBUG ] listener.NettyListener:98 >> TCP 第 1 次发送成功
[2017-06-23 08:27:36]-[ Thread-1 ]-[ DEBUG ] listener.NettyListener:98 >> TCP 第 2 次发送成功
[2017-06-23 08:27:46]-[ Thread-1 ]-[ DEBUG ] listener.NettyListener:98 >> TCP 第 3 次发送成功
[2017-06-23 08:27:56]-[ Thread-1 ]-[ INFO ] listener.NettyListener:112 >> 对方未反馈，发送失败
[2017-06-23 08:27:56]-[ Thread-1 ]-[ DEBUG ] listener.NettyListener:113 >> 失败次数:1
[2017-06-23 08:27:57]-[ Thread-1 ]-[ INFO ] listener.NettyListener:90 >> 发送给 2020 端口: 26110115e41106131000118d3c000002083d00010001000000010000000102000000000000000c4e0000000000000202d2006e000002e400fc0014f6074b00d31589008300000247000000000000018700278d0000000000000007f70000000000000001000000000000000000000000000000000000000000000000000000000000000000000000000000000000000000000000000000002a8c
[2017-06-23 08:27:57]-[ Thread-1 ]-[ DEBUG ] listener.NettyListener:98 >> TCP 第 1 次发送成功
[2017-06-23 08:28:07]-[ Thread-1 ]-[ DEBUG ] listener.NettyListener:98 >> TCP 第 2 次发送成功
[2017-06-23 08:28:17]-[ Thread-1 ]-[ DEBUG ] listener.NettyListener:98 >> TCP 第 3 次发送成功
[2017-06-23 08:28:27]-[ Thread-1 ]-[ INFO ] listener.NettyListener:112 >> 对方未反馈，发送失败
[2017-06-23 08:28:27]-[ Thread-1 ]-[ DEBUG ] listener.NettyListener:113 >> 失败次数:2
[2017-06-23 08:28:28]-[ Thread-1 ]-[ INFO ] listener.NettyListener:90 >> 发送给 2020 端口: 26110115e41106131000118d3c000002083d00010001000000010000000102000000000000000c4e0000000000000202d2006e000002e400fc0014f6074b00d31589008300000247000000000000018700278d0000000000000007f70000000000000001000000000000000000000000000000000000000000000000000000000000000000000000000000000000000000000000000000002a8d
[2017-06-23 08:28:28]-[ Thread-1 ]-[ DEBUG ] listener.NettyListener:98 >> TCP 第 1 次发送成功
[2017-06-23 08:28:37]-[ nioEventLoopGroup-2-1 ]-[ DEBUG ] listener.NettyListener:63 >> netty 读取到数据: &
[2017-06-23 08:28:37]-[ Thread-1 ]-[ INFO ] listener.NettyListener:103 >> 对方已反馈，发送成功
[2017-06-23 08:28:39]-[ Thread-1 ]-[ INFO ] listener.NettyListener:90 >> 发送给 2020 端口: 26110115e41106131000118d3c000002083d00010001000000010000000102000000000000000c4e0000000000000202d2006e000002e400fc0014f6074b00d31589008300000247000000000000018700278d0000000000000007f70000000000000001000000000000000000000000000000000000000000000000000000000000000000000000000000000000000000000000000000002a8e
[2017-06-23 08:28:39]-[ Thread-1 ]-[ DEBUG ] listener.NettyListener:98 >> TCP 第 1 次发送成功
[2017-06-23 08:28:49]-[ Thread-1 ]-[ DEBUG ] listener.NettyListener:98 >> TCP 第 2 次发送成功
[2017-06-23 08:28:59]-[ Thread-1 ]-[ DEBUG ] listener.NettyListener:98 >> TCP 第 3 次发送成功
[2017-06-23 08:29:09]-[ Thread-1 ]-[ INFO ] listener.NettyListener:112 >> 对方未反馈，发送失败
[2017-06-23 08:29:09]-[ Thread-1 ]-[ DEBUG ] listener.NettyListener:113 >> 失败次数:3
[2017-06-23 08:29:10]-[ Thread-1 ]-[ INFO ] listener.NettyListener:90 >> 发送给 2020 端口: 26110115e41106131000118d3c000002083d00010001000000010000000102000000000000000c4e0000000000000202d2006e000002e400fc0014f6074b00d31589008300000247000000000000018700278d0000000000000007f70000000000000001000000000000000000000000000000000000000000000000000000000000000000000000000000000000000000000000000000002a8f
[2017-06-23 08:29:10]-[ Thread-1 ]-[ DEBUG ] listener.NettyListener:98 >> TCP 第 1 次发送成功
[2017-06-23 08:29:18]-[ nioEventLoopGroup-2-1 ]-[ DEBUG ] listener.NettyListener:63 >> netty 读取到数据: &
[2017-06-23 08:29:19]-[ Thread-1 ]-[ INFO ] listener.NettyListener:103 >> 对方已反馈，发送成功
[2017-06-23 08:29:20]-[ Thread-1 ]-[ INFO ] listener.NettyListener:90 >> 发送给 2020 端口: 262101038e110613173a0b01c20001c3500000000000000000000000000000000000000000000000000000000000000000000000000000000000000000000000000000000000000000000000000000000000000000000000000000000000000000000000000000000000000000000000000000000000000000000000000000000000000000000000000000000000000000000000000000000000000000000000000000000000000000000000000000000000000000000000000000000000000000000000000000000000000000000000000000000000000000000000000000000000000000000000000000000000000000000000000000000000000000000000000000000000000000000000000000000000000000000000000000000000000000000000000000000000000000000000000000000000000000004400dc00000000000000000000000000bb00000000000000000000000000000000000000380000000000000000000000000000000000000000000027300000000000000000000000000000000000000000000003440000000000000000000000000000000000000000000002bf000000000000000000000000000000000000000001f501f400000000000000000000000000002a50
[2017-06-23 08:29:20]-[ Thread-1 ]-[ DEBUG ] listener.NettyListener:98 >> TCP 第 1 次发送成功
[2017-06-23 08:29:30]-[ Thread-1 ]-[ DEBUG ] listener.NettyListener:98 >> TCP 第 2 次发送成功
[2017-06-23 08:29:40]-[ Thread-1 ]-[ DEBUG ] listener.NettyListener:98 >> TCP 第 3 次发送成功
[2017-06-23 08:29:50]-[ Thread-1 ]-[ INFO ] listener.NettyListener:112 >> 对方未反馈，发送失败
[2017-06-23 08:29:50]-[ Thread-1 ]-[ DEBUG ] listener.NettyListener:113 >> 失败次数:4
[2017-06-23 08:29:51]-[ Thread-1 ]-[ INFO ] listener.NettyListener:90 >> 发送给 2020 端口: 262101038e110613173a0b01c20001c3500000000000000000000000000000000000000000000000000000000000000000000000000000000000000000000000000000000000000000000000000000000000000000000000000000000000000000000000000000000000000000000000000000000000000000000000000000000000000000000000000000000000000000000000000000000000000000000000000000000000000000000000000000000000000000000000000000000000000000000000000000000000000000000000000000000000000000000000000000000000000000000000000000000000000000000000000000000000000000000000000000000000000000000000000000000000000000000000000000000000000000000000000000000000000000000000000000000000000000004400dc00000000000000000000000000bb00000000000000000000000000000000000000380000000000000000000000000000000000000000000027300000000000000000000000000000000000000000000003440000000000000000000000000000000000000000000002bf000000000000000000000000000000000000000001f501f400000000000000000000000000002a31
[2017-06-23 08:29:51]-[ Thread-1 ]-[ DEBUG ] listener.NettyListener:98 >> TCP 第 1 次发送成功
[2017-06-23 08:30:01]-[ Thread-1 ]-[ DEBUG ] listener.NettyListener:98 >> TCP 第 2 次发送成功
[2017-06-23 08:30:02]-[ nioEventLoopGroup-2-1 ]-[ DEBUG ] listener.NettyListener:63 >> netty 读取到数据: &
[2017-06-23 08:30:03]-[ Thread-1 ]-[ INFO ] listener.NettyListener:103 >> 对方已反馈，发送成功
[2017-06-23 08:30:04]-[ Thread-1 ]-[ INFO ] listener.NettyListener:90 >> 发送给 2020 端口: 26110115e41106131000118d3c000002083d00010001000000010000000102000000000000000c4e0000000000000202d2006e000002e400fc0014f6074b00d31589008300000247000000000000018700278d0000000000000007f70000000000000001000000000000000000000000000000000000000000000000000000000000000000000000000000000000000000000000000000002a8c
[2017-06-23 08:30:04]-[ Thread-1 ]-[ DEBUG ] listener.NettyListener:98 >> TCP 第 1 次发送成功
[2017-06-23 08:31:34]-[ main ]-[ INFO ] luncher.Startup:107 >> 正在连接: 127.0.0.1:2020
[2017-06-23 08:31:35]-[ nioEventLoopGroup-2-1 ]-[ INFO ] listener.NettyListener:77 >> 连接成功 - 127.0.0.1:2020
[2017-06-23 08:31:39]-[ Thread-1 ]-[ INFO ] listener.NettyListener:90 >> 发送给 2020 端口: 26110115e41106131000118d3c000002083d00010001000000010000000102000000000000000c4e0000000000000202d2006e000002e400fc0014f6074b00d31589008300000247000000000000018700278d0000000000000007f70000000000000001000000000000000000000000000000000000000000000000000000000000000000000000000000000000000000000000000000002a8c
[2017-06-23 08:31:39]-[ Thread-1 ]-[ DEBUG ] listener.NettyListener:98 >> TCP 第 1 次发送成功
[2017-06-23 08:31:49]-[ Thread-1 ]-[ DEBUG ] listener.NettyListener:98 >> TCP 第 2 次发送成功
[2017-06-23 08:31:59]-[ Thread-1 ]-[ DEBUG ] listener.NettyListener:98 >> TCP 第 3 次发送成功
[2017-06-23 08:32:09]-[ Thread-1 ]-[ INFO ] listener.NettyListener:112 >> 对方未反馈，发送失败
[2017-06-23 08:32:09]-[ Thread-1 ]-[ DEBUG ] listener.NettyListener:113 >> 失败次数:1
[2017-06-23 08:32:10]-[ Thread-1 ]-[ INFO ] listener.NettyListener:90 >> 发送给 2020 端口: 26110115e41106131000118d3c000002083d00010001000000010000000102000000000000000c4e0000000000000202d2006e000002e400fc0014f6074b00d31589008300000247000000000000018700278d0000000000000007f70000000000000001000000000000000000000000000000000000000000000000000000000000000000000000000000000000000000000000000000002a8e
[2017-06-23 08:32:10]-[ Thread-1 ]-[ DEBUG ] listener.NettyListener:98 >> TCP 第 1 次发送成功
[2017-06-23 08:32:20]-[ Thread-1 ]-[ DEBUG ] listener.NettyListener:98 >> TCP 第 2 次发送成功
[2017-06-23 08:32:30]-[ Thread-1 ]-[ DEBUG ] listener.NettyListener:98 >> TCP 第 3 次发送成功
[2017-06-23 08:32:40]-[ Thread-1 ]-[ INFO ] listener.NettyListener:112 >> 对方未反馈，发送失败
[2017-06-23 08:32:40]-[ Thread-1 ]-[ DEBUG ] listener.NettyListener:113 >> 失败次数:2
[2017-06-23 08:32:41]-[ Thread-1 ]-[ INFO ] listener.NettyListener:90 >> 发送给 2020 端口: 262101038e110613173a0b01c20001c3500000000000000000000000000000000000000000000000000000000000000000000000000000000000000000000000000000000000000000000000000000000000000000000000000000000000000000000000000000000000000000000000000000000000000000000000000000000000000000000000000000000000000000000000000000000000000000000000000000000000000000000000000000000000000000000000000000000000000000000000000000000000000000000000000000000000000000000000000000000000000000000000000000000000000000000000000000000000000000000000000000000000000000000000000000000000000000000000000000000000000000000000000000000000000000000000000000000000000000004400dc00000000000000000000000000bb00000000000000000000000000000000000000380000000000000000000000000000000000000000000027300000000000000000000000000000000000000000000003440000000000000000000000000000000000000000000002bf000000000000000000000000000000000000000001f501f400000000000000000000000000002a50
[2017-06-23 08:32:41]-[ Thread-1 ]-[ DEBUG ] listener.NettyListener:98 >> TCP 第 1 次发送成功
[2017-06-23 08:32:51]-[ Thread-1 ]-[ DEBUG ] listener.NettyListener:98 >> TCP 第 2 次发送成功
[2017-06-23 08:33:01]-[ Thread-1 ]-[ DEBUG ] listener.NettyListener:98 >> TCP 第 3 次发送成功
[2017-06-23 08:33:11]-[ Thread-1 ]-[ INFO ] listener.NettyListener:112 >> 对方未反馈，发送失败
[2017-06-23 08:33:11]-[ Thread-1 ]-[ DEBUG ] listener.NettyListener:113 >> 失败次数:3
[2017-06-23 08:33:12]-[ Thread-1 ]-[ INFO ] listener.NettyListener:90 >> 发送给 2020 端口: 26110115e41106131000118d3c000002083d00010001000000010000000102000000000000000c4e0000000000000202d2006e000002e400fc0014f6074b00d31589008300000247000000000000018700278d0000000000000007f70000000000000001000000000000000000000000000000000000000000000000000000000000000000000000000000000000000000000000000000002a8c
[2017-06-23 08:33:12]-[ Thread-1 ]-[ DEBUG ] listener.NettyListener:98 >> TCP 第 1 次发送成功
[2017-06-23 08:33:18]-[ nioEventLoopGroup-2-1 ]-[ DEBUG ] listener.NettyListener:63 >> netty 读取到数据: &
[2017-06-23 08:33:18]-[ Thread-1 ]-[ INFO ] listener.NettyListener:103 >> 对方已反馈，发送成功
[2017-06-23 08:33:20]-[ Thread-1 ]-[ INFO ] listener.NettyListener:90 >> 发送给 2020 端口: 26110115e41106131000118d3c000002083d00010001000000010000000102000000000000000c4e0000000000000202d2006e000002e400fc0014f6074b00d31589008300000247000000000000018700278d0000000000000007f70000000000000001000000000000000000000000000000000000000000000000000000000000000000000000000000000000000000000000000000002a8e
[2017-06-23 08:33:20]-[ Thread-1 ]-[ DEBUG ] listener.NettyListener:98 >> TCP 第 1 次发送成功
[2017-06-23 08:37:45]-[ main ]-[ INFO ] luncher.Startup:107 >> 正在连接: 127.0.0.1:2020
[2017-06-23 08:37:45]-[ nioEventLoopGroup-2-1 ]-[ INFO ] listener.NettyListener:77 >> 连接成功 - 127.0.0.1:2020
[2017-06-23 08:37:50]-[ Thread-1 ]-[ INFO ] listener.NettyListener:90 >> 发送给 2020 端口: 26110115e41106131000118d3c000002083d00010001000000010000000102000000000000000c4e0000000000000202d2006e000002e400fc0014f6074b00d31589008300000247000000000000018700278d0000000000000007f70000000000000001000000000000000000000000000000000000000000000000000000000000000000000000000000000000000000000000000000002a8e
[2017-06-23 08:37:50]-[ Thread-1 ]-[ DEBUG ] listener.NettyListener:98 >> TCP 第 1 次发送成功
[2017-06-23 08:38:00]-[ Thread-1 ]-[ DEBUG ] listener.NettyListener:98 >> TCP 第 2 次发送成功
[2017-06-23 08:38:10]-[ Thread-1 ]-[ DEBUG ] listener.NettyListener:98 >> TCP 第 3 次发送成功
[2017-06-23 08:38:20]-[ Thread-1 ]-[ INFO ] listener.NettyListener:112 >> 对方未反馈，发送失败
[2017-06-23 08:38:20]-[ Thread-1 ]-[ DEBUG ] listener.NettyListener:113 >> 失败次数:1
[2017-06-23 08:38:21]-[ Thread-1 ]-[ INFO ] listener.NettyListener:90 >> 发送给 2020 端口: 262101038e110613173a0b01c20001c3500000000000000000000000000000000000000000000000000000000000000000000000000000000000000000000000000000000000000000000000000000000000000000000000000000000000000000000000000000000000000000000000000000000000000000000000000000000000000000000000000000000000000000000000000000000000000000000000000000000000000000000000000000000000000000000000000000000000000000000000000000000000000000000000000000000000000000000000000000000000000000000000000000000000000000000000000000000000000000000000000000000000000000000000000000000000000000000000000000000000000000000000000000000000000000000000000000000000000000004400dc00000000000000000000000000bb00000000000000000000000000000000000000380000000000000000000000000000000000000000000027300000000000000000000000000000000000000000000003440000000000000000000000000000000000000000000002bf000000000000000000000000000000000000000001f501f400000000000000000000000000002a50
[2017-06-23 08:38:21]-[ Thread-1 ]-[ DEBUG ] listener.NettyListener:98 >> TCP 第 1 次发送成功
[2017-06-23 08:38:31]-[ Thread-1 ]-[ DEBUG ] listener.NettyListener:98 >> TCP 第 2 次发送成功
[2017-06-23 08:39:05]-[ main ]-[ INFO ] luncher.Startup:107 >> 正在连接: 127.0.0.1:2020
[2017-06-23 08:39:06]-[ nioEventLoopGroup-2-1 ]-[ INFO ] listener.NettyListener:77 >> 连接成功 - 127.0.0.1:2020
[2017-06-23 08:39:10]-[ Thread-1 ]-[ INFO ] listener.NettyListener:90 >> 发送给 2020 端口: 26110115e41106131000118d3c000002083d00010001000000010000000102000000000000000c4e0000000000000202d2006e000002e400fc0014f6074b00d31589008300000247000000000000018700278d0000000000000007f70000000000000001000000000000000000000000000000000000000000000000000000000000000000000000000000000000000000000000000000002a8e
[2017-06-23 08:39:10]-[ Thread-1 ]-[ DEBUG ] listener.NettyListener:98 >> TCP 第 1 次发送成功
[2017-06-23 08:39:20]-[ Thread-1 ]-[ DEBUG ] listener.NettyListener:98 >> TCP 第 2 次发送成功
[2017-06-23 08:39:30]-[ Thread-1 ]-[ DEBUG ] listener.NettyListener:98 >> TCP 第 3 次发送成功
[2017-06-23 08:39:40]-[ Thread-1 ]-[ INFO ] listener.NettyListener:112 >> 对方未反馈，发送失败
[2017-06-23 08:39:40]-[ Thread-1 ]-[ DEBUG ] listener.NettyListener:113 >> 失败次数:1
[2017-06-23 08:39:41]-[ Thread-1 ]-[ INFO ] listener.NettyListener:90 >> 发送给 2020 端口: 26110115e41106131000118d3c000002083d00010001000000010000000102000000000000000c4e0000000000000202d2006e000002e400fc0014f6074b00d31589008300000247000000000000018700278d0000000000000007f70000000000000001000000000000000000000000000000000000000000000000000000000000000000000000000000000000000000000000000000002a8f2020#14471#1#0#0#0613
[2017-06-23 08:39:41]-[ Thread-1 ]-[ ERROR ] listener.NettyListener:109 >> java.lang.NumberFormatException: For input string: "#"
	at java.lang.NumberFormatException.forInputString(NumberFormatException.java:65)
	at java.lang.Integer.parseInt(Integer.java:569)
	at java.lang.Integer.valueOf(Integer.java:740)
	at java.lang.Integer.decode(Integer.java:1197)
	at java.lang.Byte.decode(Byte.java:277)
	at utils.CRC16Util.uniteBytes(CRC16Util.java:155)
	at utils.CRC16Util.HexString2Buf(CRC16Util.java:175)
	at listener.NettyListener.sendMsg(NettyListener.java:92)
	at handler.PollHandler.dataHandler(PollHandler.java:91)
	at handler.PollHandler.start(PollHandler.java:36)
	at luncher.Startup$2.run(Startup.java:96)
	at java.lang.Thread.run(Thread.java:745)

[2017-06-23 08:39:43]-[ Thread-1 ]-[ INFO ] listener.NettyListener:90 >> 发送给 2020 端口: 262101038e110613173a0b01c20001c3500000000000000000000000000000000000000000000000000000000000000000000000000000000000000000000000000000000000000000000000000000000000000000000000000000000000000000000000000000000000000000000000000000000000000000000000000000000000000000000000000000000000000000000000000000000000000000000000000000000000000000000000000000000000000000000000000000000000000000000000000000000000000000000000000000000000000000000000000000000000000000000000000000000000000000000000000000000000000000000000000000000000000000000000000000000000000000000000000000000000000000000000000000000000000000000000000000000000000000004400dc00000000000000000000000000bb00000000000000000000000000000000000000380000000000000000000000000000000000000000000027300000000000000000000000000000000000000000000003440000000000000000000000000000000000000000000002bf000000000000000000000000000000000000000001f501f400000000000000000000000000002a50
[2017-06-23 08:39:43]-[ Thread-1 ]-[ DEBUG ] listener.NettyListener:98 >> TCP 第 1 次发送成功
[2017-06-23 08:39:53]-[ Thread-1 ]-[ DEBUG ] listener.NettyListener:98 >> TCP 第 2 次发送成功
[2017-06-23 08:40:03]-[ Thread-1 ]-[ DEBUG ] listener.NettyListener:98 >> TCP 第 3 次发送成功
[2017-06-23 08:40:13]-[ Thread-1 ]-[ INFO ] listener.NettyListener:112 >> 对方未反馈，发送失败
[2017-06-23 08:40:13]-[ Thread-1 ]-[ DEBUG ] listener.NettyListener:113 >> 失败次数:2
[2017-06-23 08:40:14]-[ Thread-1 ]-[ INFO ] listener.NettyListener:90 >> 发送给 2020 端口: 26110115e41106131000118d3c000002083d00010001000000010000000102000000000000000c4e0000000000000202d2006e000002e400fc0014f6074b00d31589008300000247000000000000018700278d0000000000000007f70000000000000001000000000000000000000000000000000000000000000000000000000000000000000000000000000000000000000000000000002a8e
[2017-06-23 08:40:14]-[ Thread-1 ]-[ DEBUG ] listener.NettyListener:98 >> TCP 第 1 次发送成功
[2017-06-23 08:40:24]-[ Thread-1 ]-[ DEBUG ] listener.NettyListener:98 >> TCP 第 2 次发送成功
[2017-06-23 08:40:34]-[ Thread-1 ]-[ DEBUG ] listener.NettyListener:98 >> TCP 第 3 次发送成功
[2017-06-23 08:40:44]-[ Thread-1 ]-[ INFO ] listener.NettyListener:112 >> 对方未反馈，发送失败
[2017-06-23 08:40:44]-[ Thread-1 ]-[ DEBUG ] listener.NettyListener:113 >> 失败次数:3
[2017-06-23 08:40:45]-[ Thread-1 ]-[ INFO ] listener.NettyListener:90 >> 发送给 2020 端口: 262101038e110613173a0b01c20001c3500000000000000000000000000000000000000000000000000000000000000000000000000000000000000000000000000000000000000000000000000000000000000000000000000000000000000000000000000000000000000000000000000000000000000000000000000000000000000000000000000000000000000000000000000000000000000000000000000000000000000000000000000000000000000000000000000000000000000000000000000000000000000000000000000000000000000000000000000000000000000000000000000000000000000000000000000000000000000000000000000000000000000000000000000000000000000000000000000000000000000000000000000000000000000000000000000000000000000000004400dc00000000000000000000000000bb00000000000000000000000000000000000000380000000000000000000000000000000000000000000027300000000000000000000000000000000000000000000003440000000000000000000000000000000000000000000002bf000000000000000000000000000000000000000001f501f400000000000000000000000000002a50
[2017-06-23 08:40:45]-[ Thread-1 ]-[ DEBUG ] listener.NettyListener:98 >> TCP 第 1 次发送成功
[2017-06-23 08:45:58]-[ main ]-[ INFO ] luncher.Startup:107 >> 正在连接: 127.0.0.1:2020
[2017-06-23 08:45:58]-[ nioEventLoopGroup-2-1 ]-[ INFO ] listener.NettyListener:77 >> 连接成功 - 127.0.0.1:2020
[2017-06-23 08:46:03]-[ Thread-1 ]-[ INFO ] listener.NettyListener:90 >> 发送给 2020 端口: 26110115e41106131000118d3c000002083d00010001000000010000000102000000000000000c4e0000000000000202d2006e000002e400fc0014f6074b00d31589008300000247000000000000018700278d0000000000000007f70000000000000001000000000000000000000000000000000000000000000000000000000000000000000000000000000000000000000000000000002a8e
[2017-06-23 08:46:03]-[ Thread-1 ]-[ DEBUG ] listener.NettyListener:98 >> TCP 第 1 次发送成功
[2017-06-23 08:46:13]-[ Thread-1 ]-[ DEBUG ] listener.NettyListener:98 >> TCP 第 2 次发送成功
[2017-06-23 08:46:23]-[ Thread-1 ]-[ DEBUG ] listener.NettyListener:98 >> TCP 第 3 次发送成功
