[2017-06-27 13:31:10]-[ main ]-[ INFO ] handler.PortHandler:69 >> 扫码器收到数据:2020#2#1#0#0#0613$26110115e41106131000118d3c000002083d00010001000000010000000102000000000000000c4e0000000000000202d2006e000002e400fc0014f6074b00d31589008300000247000000000000018700278d0000000000000007f70000000000000001000000000000000000000000000000000000000000000000000000000000000000000000000000000000000000000000000000002a8c
[2017-06-27 13:31:10]-[ main ]-[ DEBUG ] handler.PortHandler:124 >> 该报文是整条消息
[2017-06-27 13:31:10]-[ main ]-[ INFO ] handler.PortHandler:127 >> 该报文已存入数据库:2020#2#1#0#0#0613$26110115e41106131000118d3c000002083d00010001000000010000000102000000000000000c4e0000000000000202d2006e000002e400fc0014f6074b00d31589008300000247000000000000018700278d0000000000000007f70000000000000001000000000000000000000000000000000000000000000000000000000000000000000000000000000000000000000000000000002a8c
[2017-06-27 13:31:10]-[ main ]-[ INFO ] handler.PortHandler:69 >> 扫码器收到数据:2020#4#1#0#0#0613$26110115e41106131000118d3c000002083d00010001000000010000000102000000000000000c4e0000000000000202d2006e000002e400fc0014f6074b00d31589008300000247000000000000018700278d0000000000000007f70000000000000001000000000000000000000000000000000000000000000000000000000000000000000000000000000000000000000000000000002a8c
[2017-06-27 13:31:10]-[ main ]-[ DEBUG ] handler.PortHandler:124 >> 该报文是整条消息
[2017-06-27 13:31:11]-[ main ]-[ INFO ] handler.PortHandler:127 >> 该报文已存入数据库:2020#4#1#0#0#0613$26110115e41106131000118d3c000002083d00010001000000010000000102000000000000000c4e0000000000000202d2006e000002e400fc0014f6074b00d31589008300000247000000000000018700278d0000000000000007f70000000000000001000000000000000000000000000000000000000000000000000000000000000000000000000000000000000000000000000000002a8c
[2017-06-27 13:31:11]-[ main ]-[ INFO ] handler.PortHandler:69 >> 扫码器收到数据:2020#5#1#0#0#0613$26110115e41106131000118d3c000002083d00010001000000010000000102000000000000000c4e0000000000000202d2006e000002e400fc0014f6074b00d31589008300000247000000000000018700278d0000000000000007f70000000000000001000000000000000000000000000000000000000000000000000000000000000000000000000000000000000000000000000000002a8c
[2017-06-27 13:31:11]-[ main ]-[ DEBUG ] handler.PortHandler:124 >> 该报文是整条消息
[2017-06-27 13:31:11]-[ main ]-[ INFO ] handler.PortHandler:127 >> 该报文已存入数据库:2020#5#1#0#0#0613$26110115e41106131000118d3c000002083d00010001000000010000000102000000000000000c4e0000000000000202d2006e000002e400fc0014f6074b00d31589008300000247000000000000018700278d0000000000000007f70000000000000001000000000000000000000000000000000000000000000000000000000000000000000000000000000000000000000000000000002a8c
[2017-06-27 13:31:11]-[ main ]-[ INFO ] handler.PortHandler:69 >> 扫码器收到数据:2020#6#1#0#0#0613$26110115e41106131000118d3c000002083d00010001000000010000000102000000000000000c4e0000000000000202d2006e000002e400fc0014f6074b00d31589008300000247000000000000018700278d0000000000000007f70000000000000001000000000000000000000000000000000000000000000000000000000000000000000000000000000000000000000000000000002a8c
[2017-06-27 13:31:11]-[ main ]-[ DEBUG ] handler.PortHandler:124 >> 该报文是整条消息
[2017-06-27 13:31:11]-[ main ]-[ INFO ] handler.PortHandler:127 >> 该报文已存入数据库:2020#6#1#0#0#0613$26110115e41106131000118d3c000002083d00010001000000010000000102000000000000000c4e0000000000000202d2006e000002e400fc0014f6074b00d31589008300000247000000000000018700278d0000000000000007f70000000000000001000000000000000000000000000000000000000000000000000000000000000000000000000000000000000000000000000000002a8c
[2017-06-27 13:31:11]-[ main ]-[ INFO ] handler.PortHandler:69 >> 扫码器收到数据:2020#10#0#0#1#0613$262101038e110613173a0b01c20001c350000000000000000000000000000000000000000000000000000000000000000000000000000000000000000000000000000000000000000000000000000000000000000000000000000000000000000000000000000000000000000000000000000000000000000000000000000000000000000000000000000000000000000000000000000000000000000000000000000000000000000000000000000000000000000000000000000000000000000000000000000000
[2017-06-27 13:31:11]-[ main ]-[ DEBUG ] handler.PortHandler:71 >> 该报文是第10条消息拆分的第1部分: 262101038e110613173a0b01c20001c350000000000000000000000000000000000000000000000000000000000000000000000000000000000000000000000000000000000000000000000000000000000000000000000000000000000000000000000000000000000000000000000000000000000000000000000000000000000000000000000000000000000000000000000000000000000000000000000000000000000000000000000000000000000000000000000000000000000000000000000000000000
[2017-06-27 13:31:11]-[ main ]-[ INFO ] handler.PortHandler:90 >> 该部分已暂存
[2017-06-27 13:31:11]-[ main ]-[ DEBUG ] handler.PortHandler:147 >> 重读
[2017-06-27 13:31:11]-[ main ]-[ INFO ] handler.PortHandler:69 >> 扫码器收到数据:2020#10#0#0#2#0000$0000000000000000000000000000000000000000000000000000000000000000000000000000000000000000000000000000000000000000000000000000000000000000000000000000000000000000000000000000000000000000000000000000000000000000000000000000000000004400dc00000000000000000000000000bb000000000000000000000000000000000000003800000000000000000000000000000000000000000000273000000000000000000000000000000000000000000000034400
[2017-06-27 13:31:11]-[ main ]-[ DEBUG ] handler.PortHandler:71 >> 该报文是第10条消息拆分的第2部分: 0000000000000000000000000000000000000000000000000000000000000000000000000000000000000000000000000000000000000000000000000000000000000000000000000000000000000000000000000000000000000000000000000000000000000000000000000000000000004400dc00000000000000000000000000bb000000000000000000000000000000000000003800000000000000000000000000000000000000000000273000000000000000000000000000000000000000000000034400
[2017-06-27 13:31:11]-[ main ]-[ INFO ] handler.PortHandler:90 >> 该部分已暂存
[2017-06-27 13:31:11]-[ main ]-[ INFO ] handler.PortHandler:69 >> 扫码器收到数据:2020#10#0#1#3#0000$00000000000000000000000000000000000000000002bf000000000000000000000000000000000000000001f501f400000000000000000000000000002a29
[2017-06-27 13:31:11]-[ main ]-[ DEBUG ] handler.PortHandler:71 >> 该报文是第10条消息拆分的第3部分: 00000000000000000000000000000000000000000002bf000000000000000000000000000000000000000001f501f400000000000000000000000000002a29
[2017-06-27 13:31:11]-[ main ]-[ INFO ] handler.PortHandler:90 >> 该部分已暂存
[2017-06-27 13:31:11]-[ main ]-[ DEBUG ] handler.PortHandler:92 >> 是最后一部分
[2017-06-27 13:31:12]-[ main ]-[ INFO ] handler.PortHandler:99 >> 已将合并后的报文存入数据库
[2017-06-27 13:33:12]-[ main ]-[ INFO ] handler.PortHandler:69 >> 扫码器收到数据:2020#1#1#0#0#0613$26110115e41106131000118d3c000002083d00010001000000010000000102000000000000000c4e0000000000000202d2006e000002e400fc0014f6074b00d31589008300000247000000000000018700278d0000000000000007f70000000000000001000000000000000000000000000000000000000000000000000000000000000000000000000000000000000000000000000000002a8c
[2017-06-27 13:33:12]-[ main ]-[ DEBUG ] handler.PortHandler:124 >> 该报文是整条消息
[2017-06-27 13:33:12]-[ main ]-[ INFO ] handler.PortHandler:127 >> 该报文已存入数据库:2020#1#1#0#0#0613$26110115e41106131000118d3c000002083d00010001000000010000000102000000000000000c4e0000000000000202d2006e000002e400fc0014f6074b00d31589008300000247000000000000018700278d0000000000000007f70000000000000001000000000000000000000000000000000000000000000000000000000000000000000000000000000000000000000000000000002a8c
[2017-06-27 13:35:12]-[ main ]-[ INFO ] handler.PortHandler:69 >> 扫码器收到数据:2020#3#1#0#0#0613$26110115e41106131000118d3c000002083d00010001000000010000000102000000000000000c4e0000000000000202d2006e000002e400fc0014f6074b00d31589008300000247000000000000018700278d0000000000000007f70000000000000001000000000000000000000000000000000000000000000000000000000000000000000000000000000000000000000000000000002a8c
[2017-06-27 13:35:12]-[ main ]-[ DEBUG ] handler.PortHandler:124 >> 该报文是整条消息
[2017-06-27 13:35:12]-[ main ]-[ INFO ] handler.PortHandler:127 >> 该报文已存入数据库:2020#3#1#0#0#0613$26110115e41106131000118d3c000002083d00010001000000010000000102000000000000000c4e0000000000000202d2006e000002e400fc0014f6074b00d31589008300000247000000000000018700278d0000000000000007f70000000000000001000000000000000000000000000000000000000000000000000000000000000000000000000000000000000000000000000000002a8c
[2017-06-27 13:35:12]-[ main ]-[ INFO ] handler.PortHandler:69 >> 扫码器收到数据:2020#7#1#0#0#0613$26110115e41106131000118d3c000002083d00010001000000010000000102000000000000000c4e0000000000000202d2006e000002e400fc0014f6074b00d31589008300000247000000000000018700278d0000000000000007f70000000000000001000000000000000000000000000000000000000000000000000000000000000000000000000000000000000000000000000000002a8c
[2017-06-27 13:35:12]-[ main ]-[ DEBUG ] handler.PortHandler:124 >> 该报文是整条消息
[2017-06-27 13:35:13]-[ main ]-[ INFO ] handler.PortHandler:127 >> 该报文已存入数据库:2020#7#1#0#0#0613$26110115e41106131000118d3c000002083d00010001000000010000000102000000000000000c4e0000000000000202d2006e000002e400fc0014f6074b00d31589008300000247000000000000018700278d0000000000000007f70000000000000001000000000000000000000000000000000000000000000000000000000000000000000000000000000000000000000000000000002a8c
[2017-06-27 13:39:13]-[ main ]-[ INFO ] handler.PortHandler:69 >> 扫码器收到数据:2020#11#1#0#0#0613$26110115e41106131000118d3c000002083d00010001000000010000000102000000000000000c4e0000000000000202d2006e000002e400fc0014f6074b00d31589008300000247000000000000018700278d0000000000000007f70000000000000001000000000000000000000000000000000000000000000000000000000000000000000000000000000000000000000000000000002a8c
[2017-06-27 13:39:13]-[ main ]-[ DEBUG ] handler.PortHandler:124 >> 该报文是整条消息
[2017-06-27 13:39:13]-[ main ]-[ INFO ] handler.PortHandler:127 >> 该报文已存入数据库:2020#11#1#0#0#0613$26110115e41106131000118d3c000002083d00010001000000010000000102000000000000000c4e0000000000000202d2006e000002e400fc0014f6074b00d31589008300000247000000000000018700278d0000000000000007f70000000000000001000000000000000000000000000000000000000000000000000000000000000000000000000000000000000000000000000000002a8c
[2017-06-27 13:39:13]-[ main ]-[ INFO ] handler.PortHandler:69 >> 扫码器收到数据:2020#12#1#0#0#0613$26110115e41106131000118d3c000002083d00010001000000010000000102000000000000000c4e0000000000000202d2006e000002e400fc0014f6074b00d31589008300000247000000000000018700278d0000000000000007f70000000000000001000000000000000000000000000000000000000000000000000000000000000000000000000000000000000000000000000000002a8c
[2017-06-27 13:39:13]-[ main ]-[ DEBUG ] handler.PortHandler:124 >> 该报文是整条消息
[2017-06-27 13:39:13]-[ main ]-[ INFO ] handler.PortHandler:127 >> 该报文已存入数据库:2020#12#1#0#0#0613$26110115e41106131000118d3c000002083d00010001000000010000000102000000000000000c4e0000000000000202d2006e000002e400fc0014f6074b00d31589008300000247000000000000018700278d0000000000000007f70000000000000001000000000000000000000000000000000000000000000000000000000000000000000000000000000000000000000000000000002a8c
[2017-06-27 13:39:13]-[ main ]-[ INFO ] handler.PortHandler:69 >> 扫码器收到数据:2020#13#1#0#0#0613$26110115e41106131000118d3c000002083d00010001000000010000000102000000000000000c4e0000000000000202d2006e000002e400fc0014f6074b00d31589008300000247000000000000018700278d0000000000000007f70000000000000001000000000000000000000000000000000000000000000000000000000000000000000000000000000000000000000000000000002a8c
[2017-06-27 13:39:13]-[ main ]-[ DEBUG ] handler.PortHandler:124 >> 该报文是整条消息
[2017-06-27 13:39:14]-[ main ]-[ INFO ] handler.PortHandler:127 >> 该报文已存入数据库:2020#13#1#0#0#0613$26110115e41106131000118d3c000002083d00010001000000010000000102000000000000000c4e0000000000000202d2006e000002e400fc0014f6074b00d31589008300000247000000000000018700278d0000000000000007f70000000000000001000000000000000000000000000000000000000000000000000000000000000000000000000000000000000000000000000000002a8c
[2017-06-27 13:39:14]-[ main ]-[ INFO ] handler.PortHandler:69 >> 扫码器收到数据:2020#14#1#0#0#0613$26110115e41106131000118d3c000002083d00010001000000010000000102000000000000000c4e0000000000000202d2006e000002e400fc0014f6074b00d31589008300000247000000000000018700278d0000000000000007f70000000000000001000000000000000000000000000000000000000000000000000000000000000000000000000000000000000000000000000000002a8c
[2017-06-27 13:39:14]-[ main ]-[ DEBUG ] handler.PortHandler:124 >> 该报文是整条消息
[2017-06-27 13:39:14]-[ main ]-[ INFO ] handler.PortHandler:127 >> 该报文已存入数据库:2020#14#1#0#0#0613$26110115e41106131000118d3c000002083d00010001000000010000000102000000000000000c4e0000000000000202d2006e000002e400fc0014f6074b00d31589008300000247000000000000018700278d0000000000000007f70000000000000001000000000000000000000000000000000000000000000000000000000000000000000000000000000000000000000000000000002a8c
[2017-06-27 13:39:14]-[ main ]-[ INFO ] handler.PortHandler:69 >> 扫码器收到数据:2020#15#0#0#1#0613$262101038e110613173a0b01c20001c350000000000000000000000000000000000000000000000000000000000000000000000000000000000000000000000000000000000000000000000000000000000000000000000000000000000000000000000000000000000000000000000000000000000000000000000000000000000000000000000000000000000000000000000000000000000000000000000000000000000000000000000000000000000000000000000000000000000000000000000000000000
[2017-06-27 13:39:14]-[ main ]-[ DEBUG ] handler.PortHandler:71 >> 该报文是第15条消息拆分的第1部分: 262101038e110613173a0b01c20001c350000000000000000000000000000000000000000000000000000000000000000000000000000000000000000000000000000000000000000000000000000000000000000000000000000000000000000000000000000000000000000000000000000000000000000000000000000000000000000000000000000000000000000000000000000000000000000000000000000000000000000000000000000000000000000000000000000000000000000000000000000000
[2017-06-27 13:39:14]-[ main ]-[ INFO ] handler.PortHandler:90 >> 该部分已暂存
[2017-06-27 13:39:14]-[ main ]-[ DEBUG ] handler.PortHandler:147 >> 重读
[2017-06-27 13:39:14]-[ main ]-[ INFO ] handler.PortHandler:69 >> 扫码器收到数据:2020#15#0#0#2#0000$0000000000000000000000000000000000000000000000000000000000000000000000000000000000000000000000000000000000000000000000000000000000000000000000000000000000000000000000000000000000000000000000000000000000000000000000000000000000004400dc00000000000000000000000000bb000000000000000000000000000000000000003800000000000000000000000000000000000000000000273000000000000000000000000000000000000000000000034400
[2017-06-27 13:39:14]-[ main ]-[ DEBUG ] handler.PortHandler:71 >> 该报文是第15条消息拆分的第2部分: 0000000000000000000000000000000000000000000000000000000000000000000000000000000000000000000000000000000000000000000000000000000000000000000000000000000000000000000000000000000000000000000000000000000000000000000000000000000000004400dc00000000000000000000000000bb000000000000000000000000000000000000003800000000000000000000000000000000000000000000273000000000000000000000000000000000000000000000034400
[2017-06-27 13:39:14]-[ main ]-[ INFO ] handler.PortHandler:90 >> 该部分已暂存
[2017-06-27 13:39:14]-[ main ]-[ INFO ] handler.PortHandler:69 >> 扫码器收到数据:2020#15#0#1#3#0000$00000000000000000000000000000000000000000002bf000000000000000000000000000000000000000001f501f400000000000000000000000000002a29
[2017-06-27 13:39:14]-[ main ]-[ DEBUG ] handler.PortHandler:71 >> 该报文是第15条消息拆分的第3部分: 00000000000000000000000000000000000000000002bf000000000000000000000000000000000000000001f501f400000000000000000000000000002a29
[2017-06-27 13:39:14]-[ main ]-[ INFO ] handler.PortHandler:90 >> 该部分已暂存
[2017-06-27 13:39:14]-[ main ]-[ DEBUG ] handler.PortHandler:92 >> 是最后一部分
[2017-06-27 13:39:14]-[ main ]-[ INFO ] handler.PortHandler:99 >> 已将合并后的报文存入数据库
